Performing C SOURCE FILE Test CC_HAS_AESNI256 failed with the following output:
Change Dir: /home/takensoft/Desktop/mQUIC/build/CMakeFiles/CMakeScratch/TryCompile-AeGe9g

Run Build Command(s):/usr/bin/gmake -f Makefile cmTC_c13da/fast && /usr/bin/gmake  -f CMakeFiles/cmTC_c13da.dir/build.make CMakeFiles/cmTC_c13da.dir/build
gmake[1]: Entering directory '/home/takensoft/Desktop/mQUIC/build/CMakeFiles/CMakeScratch/TryCompile-AeGe9g'
Building C object CMakeFiles/cmTC_c13da.dir/src.c.o
/usr/bin/cc -DCC_HAS_AESNI256  -mavx2 -maes -mpclmul -mvaes -mvpclmulqdq -std=gnu11 -o CMakeFiles/cmTC_c13da.dir/src.c.o -c /home/takensoft/Desktop/mQUIC/build/CMakeFiles/CMakeScratch/TryCompile-AeGe9g/src.c
cc: error: unrecognized command-line option ‘-mavx2’
cc: error: unrecognized command-line option ‘-maes’
cc: error: unrecognized command-line option ‘-mpclmul’
cc: error: unrecognized command-line option ‘-mvaes’
cc: error: unrecognized command-line option ‘-mvpclmulqdq’
gmake[1]: *** [CMakeFiles/cmTC_c13da.dir/build.make:78: CMakeFiles/cmTC_c13da.dir/src.c.o] Error 1
gmake[1]: Leaving directory '/home/takensoft/Desktop/mQUIC/build/CMakeFiles/CMakeScratch/TryCompile-AeGe9g'
gmake: *** [Makefile:127: cmTC_c13da/fast] Error 2


Source file was:

    #include <emmintrin.h>
    #include <immintrin.h>
    int main(void) {
        __m256i  ord0, ord1, ord2, ord3 = _mm256_setzero_si256();
        ord0 = _mm256_aesenc_epi128(ord1, ord2);
        ord3 = _mm256_aesenclast_epi128(ord0, ord1);
        ord1 = _mm256_clmulepi64_epi128(ord3, ord2, 0x00);
        _mm_insert_epi64(_mm_setr_epi32(0, 1, 2, 3), 0, 0);
        return 0;
    }
    

